Performing C SOURCE FILE Test CMAKE_HAVE_LIBC_PTHREAD failed with the following output:
Change Dir: /home/pedrolucas/catkin_turtlebot/build/CMakeFiles/CMakeTmp

Run Build Command(s):/usr/bin/make cmTC_f7adb/fast && /usr/bin/make -f CMakeFiles/cmTC_f7adb.dir/build.make CMakeFiles/cmTC_f7adb.dir/build
make[1]: Entering directory '/home/pedrolucas/catkin_turtlebot/build/CMakeFiles/CMakeTmp'
Building C object CMakeFiles/cmTC_f7adb.dir/src.c.o
/usr/bin/cc   -DCMAKE_HAVE_LIBC_PTHREAD   -o CMakeFiles/cmTC_f7adb.dir/src.c.o   -c /home/pedrolucas/catkin_turtlebot/build/CMakeFiles/CMakeTmp/src.c
Linking C executable cmTC_f7adb
/usr/bin/cmake -E cmake_link_script CMakeFiles/cmTC_f7adb.dir/link.txt --verbose=1
/usr/bin/cc  -DCMAKE_HAVE_LIBC_PTHREAD    -rdynamic CMakeFiles/cmTC_f7adb.dir/src.c.o  -o cmTC_f7adb 
/usr/bin/ld: CMakeFiles/cmTC_f7adb.dir/src.c.o: in function `main':
src.c:(.text+0x46): undefined reference to `pthread_create'
/usr/bin/ld: src.c:(.text+0x52): undefined reference to `pthread_detach'
/usr/bin/ld: src.c:(.text+0x63): undefined reference to `pthread_join'
collect2: error: ld returned 1 exit status
make[1]: *** [CMakeFiles/cmTC_f7adb.dir/build.make:87: cmTC_f7adb] Error 1
make[1]: Leaving directory '/home/pedrolucas/catkin_turtlebot/build/CMakeFiles/CMakeTmp'
make: *** [Makefile:121: cmTC_f7adb/fast] Error 2


Source file was:
#include <pthread.h>

void* test_func(void* data)
{
  return data;
}

int main(void)
{
  pthread_t thread;
  pthread_create(&thread, NULL, test_func, NULL);
  pthread_detach(thread);
  pthread_join(thread, NULL);
  pthread_atfork(NULL, NULL, NULL);
  pthread_exit(NULL);

  return 0;
}

Determining if the function pthread_create exists in the pthreads failed with the following output:
Change Dir: /home/pedrolucas/catkin_turtlebot/build/CMakeFiles/CMakeTmp

Run Build Command(s):/usr/bin/make cmTC_48f72/fast && /usr/bin/make -f CMakeFiles/cmTC_48f72.dir/build.make CMakeFiles/cmTC_48f72.dir/build
make[1]: Entering directory '/home/pedrolucas/catkin_turtlebot/build/CMakeFiles/CMakeTmp'
Building C object CMakeFiles/cmTC_48f72.dir/CheckFunctionExists.c.o
/usr/bin/cc   -DCHECK_FUNCTION_EXISTS=pthread_create   -o CMakeFiles/cmTC_48f72.dir/CheckFunctionExists.c.o   -c /usr/share/cmake-3.16/Modules/CheckFunctionExists.c
Linking C executable cmTC_48f72
/usr/bin/cmake -E cmake_link_script CMakeFiles/cmTC_48f72.dir/link.txt --verbose=1
/usr/bin/cc  -DCHECK_FUNCTION_EXISTS=pthread_create    -rdynamic CMakeFiles/cmTC_48f72.dir/CheckFunctionExists.c.o  -o cmTC_48f72  -lpthreads 
/usr/bin/ld: cannot find -lpthreads
collect2: error: ld returned 1 exit status
make[1]: *** [CMakeFiles/cmTC_48f72.dir/build.make:87: cmTC_48f72] Error 1
make[1]: Leaving directory '/home/pedrolucas/catkin_turtlebot/build/CMakeFiles/CMakeTmp'
make: *** [Makefile:121: cmTC_48f72/fast] Error 2



Performing C SOURCE FILE Test CMAKE_HAVE_LIBC_PTHREAD failed with the following output:
Change Dir: /home/pedrolucas/catkin_turtlebot/build/CMakeFiles/CMakeTmp

Run Build Command(s):/usr/bin/make cmTC_49ed1/fast && /usr/bin/make -f CMakeFiles/cmTC_49ed1.dir/build.make CMakeFiles/cmTC_49ed1.dir/build
make[1]: Entering directory '/home/pedrolucas/catkin_turtlebot/build/CMakeFiles/CMakeTmp'
Building C object CMakeFiles/cmTC_49ed1.dir/src.c.o
/usr/bin/cc   -DCMAKE_HAVE_LIBC_PTHREAD   -o CMakeFiles/cmTC_49ed1.dir/src.c.o   -c /home/pedrolucas/catkin_turtlebot/build/CMakeFiles/CMakeTmp/src.c
Linking C executable cmTC_49ed1
/usr/bin/cmake -E cmake_link_script CMakeFiles/cmTC_49ed1.dir/link.txt --verbose=1
/usr/bin/cc  -DCMAKE_HAVE_LIBC_PTHREAD    -rdynamic CMakeFiles/cmTC_49ed1.dir/src.c.o  -o cmTC_49ed1 
/usr/bin/ld: CMakeFiles/cmTC_49ed1.dir/src.c.o: in function `main':
src.c:(.text+0x46): undefined reference to `pthread_create'
/usr/bin/ld: src.c:(.text+0x52): undefined reference to `pthread_detach'
/usr/bin/ld: src.c:(.text+0x63): undefined reference to `pthread_join'
collect2: error: ld returned 1 exit status
make[1]: *** [CMakeFiles/cmTC_49ed1.dir/build.make:87: cmTC_49ed1] Error 1
make[1]: Leaving directory '/home/pedrolucas/catkin_turtlebot/build/CMakeFiles/CMakeTmp'
make: *** [Makefile:121: cmTC_49ed1/fast] Error 2


Source file was:
#include <pthread.h>

void* test_func(void* data)
{
  return data;
}

int main(void)
{
  pthread_t thread;
  pthread_create(&thread, NULL, test_func, NULL);
  pthread_detach(thread);
  pthread_join(thread, NULL);
  pthread_atfork(NULL, NULL, NULL);
  pthread_exit(NULL);

  return 0;
}

Determining if the function pthread_create exists in the pthreads failed with the following output:
Change Dir: /home/pedrolucas/catkin_turtlebot/build/CMakeFiles/CMakeTmp

Run Build Command(s):/usr/bin/make cmTC_f3b91/fast && /usr/bin/make -f CMakeFiles/cmTC_f3b91.dir/build.make CMakeFiles/cmTC_f3b91.dir/build
make[1]: Entering directory '/home/pedrolucas/catkin_turtlebot/build/CMakeFiles/CMakeTmp'
Building C object CMakeFiles/cmTC_f3b91.dir/CheckFunctionExists.c.o
/usr/bin/cc   -DCHECK_FUNCTION_EXISTS=pthread_create   -o CMakeFiles/cmTC_f3b91.dir/CheckFunctionExists.c.o   -c /usr/share/cmake-3.16/Modules/CheckFunctionExists.c
Linking C executable cmTC_f3b91
/usr/bin/cmake -E cmake_link_script CMakeFiles/cmTC_f3b91.dir/link.txt --verbose=1
/usr/bin/cc  -DCHECK_FUNCTION_EXISTS=pthread_create    -rdynamic CMakeFiles/cmTC_f3b91.dir/CheckFunctionExists.c.o  -o cmTC_f3b91  -lpthreads 
/usr/bin/ld: cannot find -lpthreads
collect2: error: ld returned 1 exit status
make[1]: *** [CMakeFiles/cmTC_f3b91.dir/build.make:87: cmTC_f3b91] Error 1
make[1]: Leaving directory '/home/pedrolucas/catkin_turtlebot/build/CMakeFiles/CMakeTmp'
make: *** [Makefile:121: cmTC_f3b91/fast] Error 2



